0 info it worked if it ends with ok
1 verbose cli [ 'c:\\Program Files\\nodejs\\node.exe',
1 verbose cli   'c:\\Program Files\\nodejs\\node_modules\\npm\\bin\\npm-cli.js',
1 verbose cli   'start' ]
2 info using npm@3.10.3
3 info using node@v6.4.0
4 verbose run-script [ 'prestart', 'start', 'poststart' ]
5 info lifecycle shop@0.0.0~prestart: shop@0.0.0
6 silly lifecycle shop@0.0.0~prestart: no script for prestart, continuing
7 info lifecycle shop@0.0.0~start: shop@0.0.0
8 verbose lifecycle shop@0.0.0~start: unsafe-perm in lifecycle true
9 verbose lifecycle shop@0.0.0~start: PATH: c:\Program Files\nodejs\node_modules\npm\bin\node-gyp-bin;e:\lz\shop\node_modules\.bin;c:\Program Files\nodejs;c:\Users\Administrator\bin;.;D:\github\Git\local\bin;D:\github\Git\mingw\bin;D:\github\Git\bin;D:\github\Git\bin;c:\ProgramData\Oracle\Java\javapath;c:\Windows\system32;c:\Windows;c:\Windows\System32\Wbem;c:\Program Files (x86)\Java\jdk1.7.0_25\bin;c:\Program Files (x86)\Java\jdk1.7.0_25\jre\bin;c:\Program Files (x86)\Microsoft SQL Server\100\Tools\Binn\;c:\Program Files\Microsoft SQL Server\100\Tools\Binn\;c:\Program Files\Microsoft SQL Server\100\DTS\Binn\;c:\Program Files\nodejs\;d:\AppServer\AppServ\Apache2.2\bin;d:\AppServer\AppServ\php6;d:\AppServer\AppServ\MySQL\bin;c:\Users\Administrator\AppData\Roaming\npm
10 verbose lifecycle shop@0.0.0~start: CWD: e:\lz\shop
11 silly lifecycle shop@0.0.0~start: Args: [ '/d /s /c', 'node ./bin/www' ]
12 silly lifecycle shop@0.0.0~start: Returned: code: 1  signal: null
13 info lifecycle shop@0.0.0~start: Failed to exec start script
14 verbose stack Error: shop@0.0.0 start: `node ./bin/www`
14 verbose stack Exit status 1
14 verbose stack     at EventEmitter.<anonymous> (c:\Program Files\nodejs\node_modules\npm\lib\utils\lifecycle.js:242:16)
14 verbose stack     at emitTwo (events.js:106:13)
14 verbose stack     at EventEmitter.emit (events.js:191:7)
14 verbose stack     at ChildProcess.<anonymous> (c:\Program Files\nodejs\node_modules\npm\lib\utils\spawn.js:40:14)
14 verbose stack     at emitTwo (events.js:106:13)
14 verbose stack     at ChildProcess.emit (events.js:191:7)
14 verbose stack     at maybeClose (internal/child_process.js:852:16)
14 verbose stack     at Process.ChildProcess._handle.onexit (internal/child_process.js:215:5)
15 verbose pkgid shop@0.0.0
16 verbose cwd e:\lz\shop
17 error Windows_NT 6.1.7601
18 error argv "c:\\Program Files\\nodejs\\node.exe" "c:\\Program Files\\nodejs\\node_modules\\npm\\bin\\npm-cli.js" "start"
19 error node v6.4.0
20 error npm  v3.10.3
21 error code ELIFECYCLE
22 error shop@0.0.0 start: `node ./bin/www`
22 error Exit status 1
23 error Failed at the shop@0.0.0 start script 'node ./bin/www'.
23 error Make sure you have the latest version of node.js and npm installed.
23 error If you do, this is most likely a problem with the shop package,
23 error not with npm itself.
23 error Tell the author that this fails on your system:
23 error     node ./bin/www
23 error You can get information on how to open an issue for this project with:
23 error     npm bugs shop
23 error Or if that isn't available, you can get their info via:
23 error     npm owner ls shop
23 error There is likely additional logging output above.
24 verbose exit [ 1, true ]
